<?xml version="1.0" encoding="UTF-8"?>
<testsuite xmlns:xsi="http://www.w3.org/2001/XMLSchema-instance" xsi:noNamespaceSchemaLocation="https://maven.apache.org/surefire/maven-surefire-plugin/xsd/surefire-test-report.xsd" name="za.ac.cput.studentaccount.SubjectTest" time="0.158" tests="11" errors="0" skipped="6" failures="1">
  <properties>
[...]
</properties>
  <testcase name="testToString" classname="za.ac.cput.studentaccount.SubjectTest" time="0.104">
    <failure message="expected: &lt;&gt; but was: &lt;Subject{type=null, code=null, name=null}&gt;" type="org.opentest4j.AssertionFailedError"><![CDATA[org.opentest4j.AssertionFailedError: expected: <> but was: <Subject{type=null, code=null, name=null}>
	at za.ac.cput.studentaccount.SubjectTest.testToString(SubjectTest.java:170)
]]></failure>
    <system-out><![CDATA[toString
]]></system-out>
  </testcase>
  <testcase name="testGetCode" classname="za.ac.cput.studentaccount.SubjectTest" time="0">
    <skipped message="public void za.ac.cput.studentaccount.SubjectTest.testGetCode() is @Disabled"/>
  </testcase>
  <testcase name="testGetName" classname="za.ac.cput.studentaccount.SubjectTest" time="0">
    <skipped message="public void za.ac.cput.studentaccount.SubjectTest.testGetName() is @Disabled"/>
  </testcase>
  <testcase name="testGetType" classname="za.ac.cput.studentaccount.SubjectTest" time="0">
    <skipped message="public void za.ac.cput.studentaccount.SubjectTest.testGetType() is @Disabled"/>
  </testcase>
  <testcase name="testdisable" classname="za.ac.cput.studentaccount.SubjectTest" time="0">
    <skipped message="public void za.ac.cput.studentaccount.SubjectTest.testdisable() is @Disabled"/>
  </testcase>
  <testcase name="infinity" classname="za.ac.cput.studentaccount.SubjectTest" time="0.015"/>
  <testcase name="testIdentity" classname="za.ac.cput.studentaccount.SubjectTest" time="0.002"/>
  <testcase name="testEquality" classname="za.ac.cput.studentaccount.SubjectTest" time="0.003"/>
  <testcase name="testSetCode" classname="za.ac.cput.studentaccount.SubjectTest" time="0">
    <skipped message="public void za.ac.cput.studentaccount.SubjectTest.testSetCode() is @Disabled"/>
  </testcase>
  <testcase name="testSetName" classname="za.ac.cput.studentaccount.SubjectTest" time="0.002"/>
  <testcase name="testSetType" classname="za.ac.cput.studentaccount.SubjectTest" time="0">
    <skipped message="public void za.ac.cput.studentaccount.SubjectTest.testSetType() is @Disabled"/>
  </testcase>
</testsuite>