<?xml version="1.0" encoding="UTF-8"?>
<testsuite xmlns:xsi="http://www.w3.org/2001/XMLSchema-instance" xsi:noNamespaceSchemaLocation="https://maven.apache.org/surefire/maven-surefire-plugin/xsd/surefire-test-report.xsd" name="za.ac.cput.studentaccount.SubjectTest" time="0.05" tests="1" errors="0" skipped="0" failures="1">
  <properties>
[...]
</properties>
  <testcase name="testFail" classname="za.ac.cput.studentaccount.SubjectTest" time="0.034">
    <failure message="Test Invalid" type="org.opentest4j.AssertionFailedError">org.opentest4j.AssertionFailedError: Test Invalid
	at za.ac.cput.studentaccount.SubjectTest.testFail(SubjectTest.java:72)
</failure>
  </testcase>
</testsuite>