<?xml version="1.0" encoding="UTF-8"?>
<testsuite xmlns:xsi="http://www.w3.org/2001/XMLSchema-instance" xsi:noNamespaceSchemaLocation="https://maven.apache.org/surefire/maven-surefire-plugin/xsd/surefire-test-report.xsd" name="za.ac.cput.studentaccount.StudentTest" time="0.358" tests="12" errors="0" skipped="8" failures="0">
  <properties>
[...]
</properties>
  <testcase name="testGetDepartment" classname="za.ac.cput.studentaccount.StudentTest" time="0">
    <skipped message="public void za.ac.cput.studentaccount.StudentTest.testGetDepartment() is @Disabled"/>
  </testcase>
  <testcase name="testGetSurname" classname="za.ac.cput.studentaccount.StudentTest" time="0">
    <skipped message="public void za.ac.cput.studentaccount.StudentTest.testGetSurname() is @Disabled"/>
  </testcase>
  <testcase name="testDisplayStudentName1" classname="za.ac.cput.studentaccount.StudentTest" time="0.117"/>
  <testcase name="testSetDepartment" classname="za.ac.cput.studentaccount.StudentTest" time="0">
    <skipped message="public void za.ac.cput.studentaccount.StudentTest.testSetDepartment() is @Disabled"/>
  </testcase>
  <testcase name="testToString" classname="za.ac.cput.studentaccount.StudentTest" time="0">
    <skipped message="public void za.ac.cput.studentaccount.StudentTest.testToString() is @Disabled"/>
  </testcase>
  <testcase name="testGetName" classname="za.ac.cput.studentaccount.StudentTest" time="0">
    <skipped message="public void za.ac.cput.studentaccount.StudentTest.testGetName() is @Disabled"/>
  </testcase>
  <testcase name="infinity" classname="za.ac.cput.studentaccount.StudentTest" time="0.023"/>
  <testcase name="testSetSurname" classname="za.ac.cput.studentaccount.StudentTest" time="0">
    <skipped message="public void za.ac.cput.studentaccount.StudentTest.testSetSurname() is @Disabled"/>
  </testcase>
  <testcase name="testIdentity" classname="za.ac.cput.studentaccount.StudentTest" time="0.008"/>
  <testcase name="testEquality" classname="za.ac.cput.studentaccount.StudentTest" time="0.008"/>
  <testcase name="testDisplayStudentName" classname="za.ac.cput.studentaccount.StudentTest" time="0">
    <skipped message="public void za.ac.cput.studentaccount.StudentTest.testDisplayStudentName() is @Disabled"/>
  </testcase>
  <testcase name="testSetName" classname="za.ac.cput.studentaccount.StudentTest" time="0">
    <skipped message="public void za.ac.cput.studentaccount.StudentTest.testSetName() is @Disabled"/>
  </testcase>
</testsuite>