-------------------------------------------------------------------------------
Test set: za.ac.cput.studentaccount.SubjectTest
-------------------------------------------------------------------------------
Tests run: 1, Failures: 1, Errors: 0, Skipped: 0, Time elapsed: 0.05 s <<< FAILURE! - in za.ac.cput.studentaccount.SubjectTest
testFail  Time elapsed: 0.034 s  <<< FAILURE!
org.opentest4j.AssertionFailedError: Test Invalid
	at za.ac.cput.studentaccount.SubjectTest.testFail(SubjectTest.java:72)

